<?xml version="1.0" encoding="UTF-8"?>
<!-- Generated by org.testng.reporters.JUnitReportReporter -->
<testsuite hostname="DESKTOP-1UIQG5E" failures="0" tests="6" name="OPENEMR.Clinical.TestPage.TestPage" time="8.307" errors="0" timestamp="31 Jul 2023 14:02:08 GMT" skipped="4">
  <testcase classname="OPENEMR.Clinical.TestPage.TestPage" name="loginPageTest" time="4.921"/>
  <testcase classname="OPENEMR.Clinical.TestPage.TestPage" name="newPatient" time="3.386"/>
  <testcase classname="OPENEMR.Clinical.TestPage.TestPage" name="modules">
    <skipped/>
  </testcase> <!-- modules -->
  <testcase classname="OPENEMR.Clinical.TestPage.TestPage" name="messages">
    <skipped/>
  </testcase> <!-- messages -->
  <testcase classname="OPENEMR.Clinical.TestPage.TestPage" name="contact">
    <skipped/>
  </testcase> <!-- contact -->
  <testcase classname="OPENEMR.Clinical.TestPage.TestPage" name="headerList">
    <skipped/>
  </testcase> <!-- headerList -->
</testsuite> <!-- OPENEMR.Clinical.TestPage.TestPage -->
